<?xml version="1.0" encoding="UTF-8"?>
<coverage generated="1648206167378" clover="3.2.0">
  <project timestamp="1648206167378" name="All files">
    <metrics statements="21" coveredstatements="10" conditionals="2" coveredconditionals="0" methods="5" coveredmethods="1" elements="28" coveredelements="11" complexity="0" loc="21" ncloc="21" packages="1" files="1" classes="1"/>
    <file name="lightbox.js" path="C:\Users\apati\OneDrive\Desktop\coding\anonoblog\client\lightbox.js">
      <metrics statements="21" coveredstatements="10" conditionals="2" coveredconditionals="0" methods="5" coveredmethods="1"/>
      <line num="1" count="1" type="stmt"/>
      <line num="2" count="1" type="stmt"/>
      <line num="3" count="1" type="stmt"/>
      <line num="5" count="1" type="stmt"/>
      <line num="6" count="1" type="stmt"/>
      <line num="7" count="1" type="stmt"/>
      <line num="8" count="0" type="stmt"/>
      <line num="9" count="0" type="stmt"/>
      <line num="10" count="0" type="stmt"/>
      <line num="11" count="0" type="stmt"/>
      <line num="12" count="0" type="stmt"/>
      <line num="13" count="0" type="stmt"/>
      <line num="14" count="0" type="stmt"/>
      <line num="15" count="0" type="stmt"/>
      <line num="20" count="1" type="stmt"/>
      <line num="22" count="1" type="stmt"/>
      <line num="23" count="0" type="stmt"/>
      <line num="26" count="1" type="stmt"/>
      <line num="27" count="0" type="cond" truecount="0" falsecount="2"/>
      <line num="28" count="0" type="stmt"/>
      <line num="31" count="1" type="stmt"/>
    </file>
  </project>
</coverage>
