{"C:\\Users\\apati\\OneDrive\\Desktop\\coding\\anonoblog\\client\\lightbox.js": {"path":"C:\\Users\\apati\\OneDrive\\Desktop\\coding\\anonoblog\\client\\lightbox.js","statementMap":{"0":{"start":{"line":1,"column":17},"end":{"line":1,"column":46}},"1":{"start":{"line":2,"column":0},"end":{"line":2,"column":24}},"2":{"start":{"line":3,"column":0},"end":{"line":3,"column":35}},"3":{"start":{"line":5,"column":25},"end":{"line":19,"column":2}},"4":{"start":{"line":6,"column":21},"end":{"line":6,"column":61}},"5":{"start":{"line":7,"column":4},"end":{"line":18,"column":6}},"6":{"start":{"line":8,"column":8},"end":{"line":17,"column":10}},"7":{"start":{"line":9,"column":12},"end":{"line":9,"column":32}},"8":{"start":{"line":10,"column":12},"end":{"line":10,"column":44}},"9":{"start":{"line":11,"column":26},"end":{"line":11,"column":59}},"10":{"start":{"line":12,"column":12},"end":{"line":12,"column":45}},"11":{"start":{"line":13,"column":12},"end":{"line":13,"column":45}},"12":{"start":{"line":14,"column":12},"end":{"line":15,"column":54}},"13":{"start":{"line":15,"column":12},"end":{"line":15,"column":53}},"14":{"start":{"line":16,"column":12},"end":{"line":16,"column":41}},"15":{"start":{"line":21,"column":0},"end":{"line":21,"column":18}},"16":{"start":{"line":23,"column":0},"end":{"line":25,"column":2}},"17":{"start":{"line":24,"column":4},"end":{"line":24,"column":22}},"18":{"start":{"line":27,"column":0},"end":{"line":30,"column":2}},"19":{"start":{"line":28,"column":4},"end":{"line":28,"column":44}},"20":{"start":{"line":28,"column":38},"end":{"line":28,"column":44}},"21":{"start":{"line":29,"column":4},"end":{"line":29,"column":39}},"22":{"start":{"line":32,"column":0},"end":{"line":32,"column":35}}},"fnMap":{"0":{"name":"(anonymous_0)","decl":{"start":{"line":5,"column":25},"end":{"line":5,"column":26}},"loc":{"start":{"line":5,"column":31},"end":{"line":19,"column":2}},"line":5},"1":{"name":"mapFn","decl":{"start":{"line":7,"column":34},"end":{"line":7,"column":39}},"loc":{"start":{"line":7,"column":45},"end":{"line":18,"column":5}},"line":7},"2":{"name":"(anonymous_2)","decl":{"start":{"line":8,"column":38},"end":{"line":8,"column":39}},"loc":{"start":{"line":8,"column":44},"end":{"line":17,"column":9}},"line":8},"3":{"name":"(anonymous_3)","decl":{"start":{"line":23,"column":46},"end":{"line":23,"column":47}},"loc":{"start":{"line":23,"column":58},"end":{"line":25,"column":1}},"line":23},"4":{"name":"(anonymous_4)","decl":{"start":{"line":27,"column":35},"end":{"line":27,"column":36}},"loc":{"start":{"line":27,"column":40},"end":{"line":30,"column":1}},"line":27}},"branchMap":{"0":{"loc":{"start":{"line":28,"column":4},"end":{"line":28,"column":44}},"type":"if","locations":[{"start":{"line":28,"column":4},"end":{"line":28,"column":44}},{"start":{},"end":{}}],"line":28}},"s":{"0":1,"1":1,"2":1,"3":1,"4":1,"5":1,"6":0,"7":0,"8":0,"9":0,"10":0,"11":0,"12":0,"13":0,"14":0,"15":1,"16":1,"17":0,"18":1,"19":0,"20":0,"21":0,"22":1},"f":{"0":1,"1":0,"2":0,"3":0,"4":0},"b":{"0":[0,0]},"_coverageSchema":"1a1c01bbd47fc00a2c39e90264f33305004495a9","hash":"c64938b8a95ed9900f9ba1fdffe820a39ba76b74"}
}
